<?xml version="1.0" encoding="UTF-8"?>
<!-- Generated by org.testng.reporters.JUnitXMLReporter -->
<testsuite ignored="0" hostname="LAPTOP-3VQPC64F" failures="0" tests="4" name="Test" time="56.096" errors="0" timestamp="2025-09-05T11:46:05 IST">
  <testcase classname="WebAutomation.validateHomePage" name="homePage" time="16.481"/>
  <testcase classname="WebAutomation.ValidateLoginPage" name="homePage" time="27.14"/>
  <testcase classname="WebAutomation.validateAboutPage" name="homePage" time="8.31"/>
  <testcase classname="WebAutomation.registrationpage" name="homePage" time="4.033"/>
</testsuite> <!-- Test -->
