<?xml version="1.0" encoding="UTF-8"?>
<!-- Generated by org.testng.reporters.JUnitXMLReporter -->
<testsuite ignored="0" hostname="LAPTOP-3VQPC64F" failures="0" tests="4" name="Test" time="32.644" errors="0" timestamp="2025-09-05T11:48:43 IST">
  <testcase classname="WebAutomation.validateHomePage" name="homePage" time="8.8"/>
  <testcase classname="WebAutomation.ValidateLoginPage" name="homePage" time="12.083"/>
  <testcase classname="WebAutomation.validateAboutPage" name="homePage" time="7.957"/>
  <testcase classname="WebAutomation.registrationpage" name="homePage" time="3.719"/>
</testsuite> <!-- Test -->
