<?xml version="1.0" encoding="UTF-8"?>
<!-- Generated by org.testng.reporters.JUnitXMLReporter -->
<testsuite ignored="0" hostname="DESKTOP-BMK3LDR" failures="0" tests="4" name="Test" time="36.491" errors="0" timestamp="2025-09-05T12:03:49 IST">
  <testcase classname="WebAutomation.validateHomePage" name="homePage" time="10.556"/>
  <testcase classname="WebAutomation.ValidateLoginPage" name="homePage" time="15.106"/>
  <testcase classname="WebAutomation.validateAboutPage" name="homePage" time="7.903"/>
  <testcase classname="WebAutomation.registrationpage" name="homePage" time="2.814"/>
</testsuite> <!-- Test -->
