<?xml version="1.0" encoding="UTF-8"?>
<testng-results ignored="0" total="4" passed="4" failed="0" skipped="0">
  <reporter-output>
  </reporter-output>
  <suite started-at="2025-09-05T12:14:56 IST" name="Suite" finished-at="2025-09-05T12:15:31 IST" duration-ms="35364">
    <groups>
    </groups>
    <test started-at="2025-09-05T12:14:56 IST" name="Test" finished-at="2025-09-05T12:15:31 IST" duration-ms="35364">
      <class name="WebAutomation.validateAboutPage">
        <test-method signature="homePage()[pri:0, instance:WebAutomation.validateAboutPage@51c668e3]" started-at="2025-09-05T12:15:20 IST" name="homePage" finished-at="2025-09-05T12:15:28 IST" duration-ms="7876" status="PASS">
          <reporter-output>
          </reporter-output>
        </test-method> <!-- homePage -->
      </class> <!-- WebAutomation.validateAboutPage -->
      <class name="WebAutomation.ValidateLoginPage">
        <test-method signature="homePage()[pri:0, instance:WebAutomation.ValidateLoginPage@6fdbe764]" started-at="2025-09-05T12:15:08 IST" name="homePage" finished-at="2025-09-05T12:15:20 IST" duration-ms="11577" status="PASS">
          <reporter-output>
          </reporter-output>
        </test-method> <!-- homePage -->
      </class> <!-- WebAutomation.ValidateLoginPage -->
      <class name="WebAutomation.registrationpage">
        <test-method signature="homePage()[pri:0, instance:WebAutomation.registrationpage@2e6a8155]" started-at="2025-09-05T12:15:28 IST" name="homePage" finished-at="2025-09-05T12:15:31 IST" duration-ms="3201" status="PASS">
          <reporter-output>
          </reporter-output>
        </test-method> <!-- homePage -->
      </class> <!-- WebAutomation.registrationpage -->
      <class name="WebAutomation.validateHomePage">
        <test-method signature="homePage()[pri:0, instance:WebAutomation.validateHomePage@3f6f6701]" started-at="2025-09-05T12:14:56 IST" name="homePage" finished-at="2025-09-05T12:15:08 IST" duration-ms="12639" status="PASS">
          <reporter-output>
          </reporter-output>
        </test-method> <!-- homePage -->
      </class> <!-- WebAutomation.validateHomePage -->
    </test> <!-- Test -->
  </suite> <!-- Suite -->
</testng-results>
