<?xml version="1.0" encoding="UTF-8"?>
<testng-results ignored="0" total="4" passed="4" failed="0" skipped="0">
  <reporter-output>
  </reporter-output>
  <suite started-at="2025-09-05T11:48:11 IST" name="Suite" finished-at="2025-09-05T11:48:43 IST" duration-ms="32644">
    <groups>
    </groups>
    <test started-at="2025-09-05T11:48:11 IST" name="Test" finished-at="2025-09-05T11:48:43 IST" duration-ms="32644">
      <class name="WebAutomation.validateAboutPage">
        <test-method signature="homePage()[pri:0, instance:WebAutomation.validateAboutPage@51c668e3]" started-at="2025-09-05T11:48:32 IST" name="homePage" finished-at="2025-09-05T11:48:40 IST" duration-ms="7957" status="PASS">
          <reporter-output>
          </reporter-output>
        </test-method> <!-- homePage -->
      </class> <!-- WebAutomation.validateAboutPage -->
      <class name="WebAutomation.ValidateLoginPage">
        <test-method signature="homePage()[pri:0, instance:WebAutomation.ValidateLoginPage@6fdbe764]" started-at="2025-09-05T11:48:20 IST" name="homePage" finished-at="2025-09-05T11:48:32 IST" duration-ms="12083" status="PASS">
          <reporter-output>
          </reporter-output>
        </test-method> <!-- homePage -->
      </class> <!-- WebAutomation.ValidateLoginPage -->
      <class name="WebAutomation.registrationpage">
        <test-method signature="homePage()[pri:0, instance:WebAutomation.registrationpage@2e6a8155]" started-at="2025-09-05T11:48:40 IST" name="homePage" finished-at="2025-09-05T11:48:43 IST" duration-ms="3719" status="PASS">
          <reporter-output>
          </reporter-output>
        </test-method> <!-- homePage -->
      </class> <!-- WebAutomation.registrationpage -->
      <class name="WebAutomation.validateHomePage">
        <test-method signature="homePage()[pri:0, instance:WebAutomation.validateHomePage@3f6f6701]" started-at="2025-09-05T11:48:11 IST" name="homePage" finished-at="2025-09-05T11:48:20 IST" duration-ms="8800" status="PASS">
          <reporter-output>
          </reporter-output>
        </test-method> <!-- homePage -->
      </class> <!-- WebAutomation.validateHomePage -->
    </test> <!-- Test -->
  </suite> <!-- Suite -->
</testng-results>
