<?xml version="1.0" encoding="UTF-8"?>
<testng-results ignored="0" total="3" passed="3" failed="0" skipped="0">
  <reporter-output>
  </reporter-output>
  <suite started-at="2025-09-02T11:40:13 IST" name="Suite" finished-at="2025-09-02T11:40:59 IST" duration-ms="45939">
    <groups>
    </groups>
    <test started-at="2025-09-02T11:40:13 IST" name="Test" finished-at="2025-09-02T11:40:59 IST" duration-ms="45939">
      <class name="WebAutomation.validateAboutPage">
        <test-method signature="homePage()[pri:0, instance:WebAutomation.validateAboutPage@368f2016]" started-at="2025-09-02T11:40:42 IST" name="homePage" finished-at="2025-09-02T11:40:59 IST" duration-ms="17584" status="PASS">
          <reporter-output>
          </reporter-output>
        </test-method> <!-- homePage -->
      </class> <!-- WebAutomation.validateAboutPage -->
      <class name="WebAutomation.ValidateLoginPage">
        <test-method signature="homePage()[pri:0, instance:WebAutomation.ValidateLoginPage@4d5d943d]" started-at="2025-09-02T11:40:22 IST" name="homePage" finished-at="2025-09-02T11:40:42 IST" duration-ms="19274" status="PASS">
          <reporter-output>
          </reporter-output>
        </test-method> <!-- homePage -->
      </class> <!-- WebAutomation.ValidateLoginPage -->
      <class name="WebAutomation.validateHomePage">
        <test-method signature="homePage()[pri:0, instance:WebAutomation.validateHomePage@34a3d150]" started-at="2025-09-02T11:40:13 IST" name="homePage" finished-at="2025-09-02T11:40:22 IST" duration-ms="8987" status="PASS">
          <reporter-output>
          </reporter-output>
        </test-method> <!-- homePage -->
      </class> <!-- WebAutomation.validateHomePage -->
    </test> <!-- Test -->
  </suite> <!-- Suite -->
</testng-results>
